  MyPushButton.cpp
  qt__day_11_19_001.cpp
D:\mycode\Qt code\Qt__day_11_19_001\Qt__day_11_19_001\qt__day_11_19_001.h(1,1): warning C4828: 文件包含在偏移 0x6d 处开始的字符，该字符在当前源字符集中无效(代码页 65001)。 (编译源文件 qt__day_11_19_001.cpp)
D:\mycode\Qt code\Qt__day_11_19_001\Qt__day_11_19_001\qt__day_11_19_001.h(1,1): warning C4828: 文件包含在偏移 0x6f 处开始的字符，该字符在当前源字符集中无效(代码页 65001)。 (编译源文件 qt__day_11_19_001.cpp)
D:\mycode\Qt code\Qt__day_11_19_001\Qt__day_11_19_001\qt__day_11_19_001.h(1,1): warning C4828: 文件包含在偏移 0x71 处开始的字符，该字符在当前源字符集中无效(代码页 65001)。 (编译源文件 qt__day_11_19_001.cpp)
D:\mycode\Qt code\Qt__day_11_19_001\Qt__day_11_19_001\qt__day_11_19_001.h(1,1): warning C4828: 文件包含在偏移 0x79 处开始的字符，该字符在当前源字符集中无效(代码页 65001)。 (编译源文件 qt__day_11_19_001.cpp)
D:\mycode\Qt code\Qt__day_11_19_001\Qt__day_11_19_001\qt__day_11_19_001.h(1,1): warning C4828: 文件包含在偏移 0x7a 处开始的字符，该字符在当前源字符集中无效(代码页 65001)。 (编译源文件 qt__day_11_19_001.cpp)
D:\mycode\Qt code\Qt__day_11_19_001\Qt__day_11_19_001\qt__day_11_19_001.h(1,1): warning C4828: 文件包含在偏移 0x7e 处开始的字符，该字符在当前源字符集中无效(代码页 65001)。 (编译源文件 qt__day_11_19_001.cpp)
D:\mycode\Qt code\Qt__day_11_19_001\Qt__day_11_19_001\qt__day_11_19_001.h(1,1): warning C4828: 文件包含在偏移 0x80 处开始的字符，该字符在当前源字符集中无效(代码页 65001)。 (编译源文件 qt__day_11_19_001.cpp)
D:\mycode\Qt code\Qt__day_11_19_001\Qt__day_11_19_001\qt__day_11_19_001.h(1,1): warning C4828: 文件包含在偏移 0x84 处开始的字符，该字符在当前源字符集中无效(代码页 65001)。 (编译源文件 qt__day_11_19_001.cpp)
D:\mycode\Qt code\Qt__day_11_19_001\Qt__day_11_19_001\qt__day_11_19_001.h(1,1): warning C4828: 文件包含在偏移 0x85 处开始的字符，该字符在当前源字符集中无效(代码页 65001)。 (编译源文件 qt__day_11_19_001.cpp)
D:\mycode\Qt code\Qt__day_11_19_001\Qt__day_11_19_001\qt__day_11_19_001.h(1,1): warning C4828: 文件包含在偏移 0x89 处开始的字符，该字符在当前源字符集中无效(代码页 65001)。 (编译源文件 qt__day_11_19_001.cpp)
D:\mycode\Qt code\Qt__day_11_19_001\Qt__day_11_19_001\qt__day_11_19_001.h(1,1): warning C4828: 文件包含在偏移 0x8a 处开始的字符，该字符在当前源字符集中无效(代码页 65001)。 (编译源文件 qt__day_11_19_001.cpp)
D:\mycode\Qt code\Qt__day_11_19_001\Qt__day_11_19_001\qt__day_11_19_001.h(1,1): warning C4828: 文件包含在偏移 0x8b 处开始的字符，该字符在当前源字符集中无效(代码页 65001)。 (编译源文件 qt__day_11_19_001.cpp)
D:\mycode\Qt code\Qt__day_11_19_001\Qt__day_11_19_001\qt__day_11_19_001.h(1,1): warning C4828: 文件包含在偏移 0x8c 处开始的字符，该字符在当前源字符集中无效(代码页 65001)。 (编译源文件 qt__day_11_19_001.cpp)
D:\mycode\Qt code\Qt__day_11_19_001\Qt__day_11_19_001\qt__day_11_19_001.h(1,1): warning C4828: 文件包含在偏移 0x8d 处开始的字符，该字符在当前源字符集中无效(代码页 65001)。 (编译源文件 qt__day_11_19_001.cpp)
D:\mycode\Qt code\Qt__day_11_19_001\Qt__day_11_19_001\qt__day_11_19_001.h(1,1): warning C4828: 文件包含在偏移 0x92 处开始的字符，该字符在当前源字符集中无效(代码页 65001)。 (编译源文件 qt__day_11_19_001.cpp)
D:\mycode\Qt code\Qt__day_11_19_001\Qt__day_11_19_001\qt__day_11_19_001.h(1,1): warning C4828: 文件包含在偏移 0x93 处开始的字符，该字符在当前源字符集中无效(代码页 65001)。 (编译源文件 qt__day_11_19_001.cpp)
D:\mycode\Qt code\Qt__day_11_19_001\Qt__day_11_19_001\qt__day_11_19_001.h(1,1): warning C4828: 文件包含在偏移 0x95 处开始的字符，该字符在当前源字符集中无效(代码页 65001)。 (编译源文件 qt__day_11_19_001.cpp)
D:\mycode\Qt code\Qt__day_11_19_001\Qt__day_11_19_001\qt__day_11_19_001.h(1,1): warning C4828: 文件包含在偏移 0x96 处开始的字符，该字符在当前源字符集中无效(代码页 65001)。 (编译源文件 qt__day_11_19_001.cpp)
D:\mycode\Qt code\Qt__day_11_19_001\Qt__day_11_19_001\qt__day_11_19_001.h(1,1): warning C4828: 文件包含在偏移 0x97 处开始的字符，该字符在当前源字符集中无效(代码页 65001)。 (编译源文件 qt__day_11_19_001.cpp)
D:\mycode\Qt code\Qt__day_11_19_001\Qt__day_11_19_001\qt__day_11_19_001.h(1,1): warning C4828: 文件包含在偏移 0x9a 处开始的字符，该字符在当前源字符集中无效(代码页 65001)。 (编译源文件 qt__day_11_19_001.cpp)
D:\mycode\Qt code\Qt__day_11_19_001\Qt__day_11_19_001\qt__day_11_19_001.h(1,1): warning C4828: 文件包含在偏移 0xa0 处开始的字符，该字符在当前源字符集中无效(代码页 65001)。 (编译源文件 qt__day_11_19_001.cpp)
D:\mycode\Qt code\Qt__day_11_19_001\Qt__day_11_19_001\qt__day_11_19_001.h(1,1): warning C4828: 文件包含在偏移 0xa2 处开始的字符，该字符在当前源字符集中无效(代码页 65001)。 (编译源文件 qt__day_11_19_001.cpp)
D:\mycode\Qt code\Qt__day_11_19_001\Qt__day_11_19_001\qt__day_11_19_001.h(1,1): warning C4828: 文件包含在偏移 0xa3 处开始的字符，该字符在当前源字符集中无效(代码页 65001)。 (编译源文件 qt__day_11_19_001.cpp)
D:\mycode\Qt code\Qt__day_11_19_001\Qt__day_11_19_001\qt__day_11_19_001.h(1,1): warning C4828: 文件包含在偏移 0xaa 处开始的字符，该字符在当前源字符集中无效(代码页 65001)。 (编译源文件 qt__day_11_19_001.cpp)
D:\mycode\Qt code\Qt__day_11_19_001\Qt__day_11_19_001\qt__day_11_19_001.h(1,1): warning C4828: 文件包含在偏移 0xab 处开始的字符，该字符在当前源字符集中无效(代码页 65001)。 (编译源文件 qt__day_11_19_001.cpp)
D:\mycode\Qt code\Qt__day_11_19_001\Qt__day_11_19_001\qt__day_11_19_001.h(1,1): warning C4828: 文件包含在偏移 0xac 处开始的字符，该字符在当前源字符集中无效(代码页 65001)。 (编译源文件 qt__day_11_19_001.cpp)
D:\mycode\Qt code\Qt__day_11_19_001\Qt__day_11_19_001\qt__day_11_19_001.h(1,1): warning C4828: 文件包含在偏移 0xae 处开始的字符，该字符在当前源字符集中无效(代码页 65001)。 (编译源文件 qt__day_11_19_001.cpp)
D:\mycode\Qt code\Qt__day_11_19_001\Qt__day_11_19_001\qt__day_11_19_001.h(1,1): warning C4828: 文件包含在偏移 0xb1 处开始的字符，该字符在当前源字符集中无效(代码页 65001)。 (编译源文件 qt__day_11_19_001.cpp)
D:\mycode\Qt code\Qt__day_11_19_001\Qt__day_11_19_001\qt__day_11_19_001.h(1,1): warning C4828: 文件包含在偏移 0xb2 处开始的字符，该字符在当前源字符集中无效(代码页 65001)。 (编译源文件 qt__day_11_19_001.cpp)
D:\mycode\Qt code\Qt__day_11_19_001\Qt__day_11_19_001\qt__day_11_19_001.h(1,1): warning C4828: 文件包含在偏移 0xb5 处开始的字符，该字符在当前源字符集中无效(代码页 65001)。 (编译源文件 qt__day_11_19_001.cpp)
D:\mycode\Qt code\Qt__day_11_19_001\Qt__day_11_19_001\qt__day_11_19_001.h(1,1): warning C4828: 文件包含在偏移 0xb9 处开始的字符，该字符在当前源字符集中无效(代码页 65001)。 (编译源文件 qt__day_11_19_001.cpp)
D:\mycode\Qt code\Qt__day_11_19_001\Qt__day_11_19_001\qt__day_11_19_001.h(1,1): warning C4828: 文件包含在偏移 0xbb 处开始的字符，该字符在当前源字符集中无效(代码页 65001)。 (编译源文件 qt__day_11_19_001.cpp)
D:\mycode\Qt code\Qt__day_11_19_001\Qt__day_11_19_001\qt__day_11_19_001.h(1,1): warning C4828: 文件包含在偏移 0xc3 处开始的字符，该字符在当前源字符集中无效(代码页 65001)。 (编译源文件 qt__day_11_19_001.cpp)
D:\mycode\Qt code\Qt__day_11_19_001\Qt__day_11_19_001\qt__day_11_19_001.h(1,1): warning C4828: 文件包含在偏移 0xc4 处开始的字符，该字符在当前源字符集中无效(代码页 65001)。 (编译源文件 qt__day_11_19_001.cpp)
D:\mycode\Qt code\Qt__day_11_19_001\Qt__day_11_19_001\qt__day_11_19_001.h(1,1): warning C4828: 文件包含在偏移 0xc5 处开始的字符，该字符在当前源字符集中无效(代码页 65001)。 (编译源文件 qt__day_11_19_001.cpp)
D:\mycode\Qt code\Qt__day_11_19_001\Qt__day_11_19_001\qt__day_11_19_001.h(1,1): warning C4828: 文件包含在偏移 0xc6 处开始的字符，该字符在当前源字符集中无效(代码页 65001)。 (编译源文件 qt__day_11_19_001.cpp)
D:\mycode\Qt code\Qt__day_11_19_001\Qt__day_11_19_001\qt__day_11_19_001.h(1,1): warning C4828: 文件包含在偏移 0xc7 处开始的字符，该字符在当前源字符集中无效(代码页 65001)。 (编译源文件 qt__day_11_19_001.cpp)
D:\mycode\Qt code\Qt__day_11_19_001\Qt__day_11_19_001\qt__day_11_19_001.h(1,1): warning C4828: 文件包含在偏移 0xc8 处开始的字符，该字符在当前源字符集中无效(代码页 65001)。 (编译源文件 qt__day_11_19_001.cpp)
D:\mycode\Qt code\Qt__day_11_19_001\Qt__day_11_19_001\qt__day_11_19_001.h(1,1): warning C4828: 文件包含在偏移 0xcd 处开始的字符，该字符在当前源字符集中无效(代码页 65001)。 (编译源文件 qt__day_11_19_001.cpp)
D:\mycode\Qt code\Qt__day_11_19_001\Qt__day_11_19_001\qt__day_11_19_001.h(1,1): warning C4828: 文件包含在偏移 0xce 处开始的字符，该字符在当前源字符集中无效(代码页 65001)。 (编译源文件 qt__day_11_19_001.cpp)
D:\mycode\Qt code\Qt__day_11_19_001\Qt__day_11_19_001\qt__day_11_19_001.h(1,1): warning C4828: 文件包含在偏移 0xd0 处开始的字符，该字符在当前源字符集中无效(代码页 65001)。 (编译源文件 qt__day_11_19_001.cpp)
D:\mycode\Qt code\Qt__day_11_19_001\Qt__day_11_19_001\qt__day_11_19_001.h(1,1): warning C4828: 文件包含在偏移 0xd1 处开始的字符，该字符在当前源字符集中无效(代码页 65001)。 (编译源文件 qt__day_11_19_001.cpp)
D:\mycode\Qt code\Qt__day_11_19_001\Qt__day_11_19_001\qt__day_11_19_001.h(1,1): warning C4828: 文件包含在偏移 0xd2 处开始的字符，该字符在当前源字符集中无效(代码页 65001)。 (编译源文件 qt__day_11_19_001.cpp)
D:\mycode\Qt code\Qt__day_11_19_001\Qt__day_11_19_001\qt__day_11_19_001.h(1,1): warning C4828: 文件包含在偏移 0xd5 处开始的字符，该字符在当前源字符集中无效(代码页 65001)。 (编译源文件 qt__day_11_19_001.cpp)
D:\mycode\Qt code\Qt__day_11_19_001\Qt__day_11_19_001\qt__day_11_19_001.h(1,1): warning C4828: 文件包含在偏移 0xdb 处开始的字符，该字符在当前源字符集中无效(代码页 65001)。 (编译源文件 qt__day_11_19_001.cpp)
D:\mycode\Qt code\Qt__day_11_19_001\Qt__day_11_19_001\qt__day_11_19_001.h(1,1): warning C4828: 文件包含在偏移 0xdd 处开始的字符，该字符在当前源字符集中无效(代码页 65001)。 (编译源文件 qt__day_11_19_001.cpp)
D:\mycode\Qt code\Qt__day_11_19_001\Qt__day_11_19_001\qt__day_11_19_001.h(1,1): warning C4828: 文件包含在偏移 0xde 处开始的字符，该字符在当前源字符集中无效(代码页 65001)。 (编译源文件 qt__day_11_19_001.cpp)
D:\mycode\Qt code\Qt__day_11_19_001\Qt__day_11_19_001\qt__day_11_19_001.h(1,1): warning C4828: 文件包含在偏移 0x123 处开始的字符，该字符在当前源字符集中无效(代码页 65001)。 (编译源文件 qt__day_11_19_001.cpp)
D:\mycode\Qt code\Qt__day_11_19_001\Qt__day_11_19_001\qt__day_11_19_001.h(1,1): warning C4828: 文件包含在偏移 0x124 处开始的字符，该字符在当前源字符集中无效(代码页 65001)。 (编译源文件 qt__day_11_19_001.cpp)
D:\mycode\Qt code\Qt__day_11_19_001\Qt__day_11_19_001\qt__day_11_19_001.h(1,1): warning C4828: 文件包含在偏移 0x127 处开始的字符，该字符在当前源字符集中无效(代码页 65001)。 (编译源文件 qt__day_11_19_001.cpp)
D:\mycode\Qt code\Qt__day_11_19_001\Qt__day_11_19_001\qt__day_11_19_001.h(1,1): warning C4828: 文件包含在偏移 0x129 处开始的字符，该字符在当前源字符集中无效(代码页 65001)。 (编译源文件 qt__day_11_19_001.cpp)
D:\mycode\Qt code\Qt__day_11_19_001\Qt__day_11_19_001\qt__day_11_19_001.h(1,1): warning C4828: 文件包含在偏移 0x12b 处开始的字符，该字符在当前源字符集中无效(代码页 65001)。 (编译源文件 qt__day_11_19_001.cpp)
D:\mycode\Qt code\Qt__day_11_19_001\Qt__day_11_19_001\qt__day_11_19_001.h(1,1): warning C4828: 文件包含在偏移 0x12c 处开始的字符，该字符在当前源字符集中无效(代码页 65001)。 (编译源文件 qt__day_11_19_001.cpp)
D:\mycode\Qt code\Qt__day_11_19_001\Qt__day_11_19_001\qt__day_11_19_001.h(1,1): warning C4828: 文件包含在偏移 0x12f 处开始的字符，该字符在当前源字符集中无效(代码页 65001)。 (编译源文件 qt__day_11_19_001.cpp)
D:\mycode\Qt code\Qt__day_11_19_001\Qt__day_11_19_001\qt__day_11_19_001.h(1,1): warning C4828: 文件包含在偏移 0x131 处开始的字符，该字符在当前源字符集中无效(代码页 65001)。 (编译源文件 qt__day_11_19_001.cpp)
D:\mycode\Qt code\Qt__day_11_19_001\Qt__day_11_19_001\qt__day_11_19_001.h(1,1): warning C4828: 文件包含在偏移 0x133 处开始的字符，该字符在当前源字符集中无效(代码页 65001)。 (编译源文件 qt__day_11_19_001.cpp)
D:\mycode\Qt code\Qt__day_11_19_001\Qt__day_11_19_001\qt__day_11_19_001.h(1,1): warning C4828: 文件包含在偏移 0x13c 处开始的字符，该字符在当前源字符集中无效(代码页 65001)。 (编译源文件 qt__day_11_19_001.cpp)
D:\mycode\Qt code\Qt__day_11_19_001\Qt__day_11_19_001\qt__day_11_19_001.h(1,1): warning C4828: 文件包含在偏移 0x13d 处开始的字符，该字符在当前源字符集中无效(代码页 65001)。 (编译源文件 qt__day_11_19_001.cpp)
  moc_MyPushButton.cpp
  Qt__day_11_19_001.vcxproj -> D:\mycode\Qt code\Qt__day_11_19_001\x64\Debug\Qt__day_11_19_001.exe
